

/******************************************************************************************
* WriteStepFile diagnostics.
* Date:                           Wed Feb 20 21:05:55 2019 
* Produced by:                    The EXPRESS Data Manager Version 5.02.0100.07 : 28 Aug 2013
* Module:                         EDMstepFileFactory/EDMstandAlone
* Host:                           LAPTOP-U24H48QG
* Database:                       C:\Users\AHMEDA~1\AppData\Local\Temp\{CAE82B5B-030D-4CC8-8C20-E36692DAFE99}\ifc
* Database version:               5507
* Database creation date:         Wed Feb 20 21:05:49 2019
* Model:                          DataRepository.ifc
* Model creation date:            Wed Feb 20 21:05:50 2019
* Header model:                   DataRepository.ifc_HeaderModel
* Header model creation date:     Wed Feb 20 21:05:50 2019
* Step file:                      FullSite2018.ifc
* EDMuser:                        sdai-user
* EDMgroup:                       sdai-group
* License ID and type:            5605 : Permanent license. Expiry date: 
* EDMstepFileFactory options:     020000
******************************************************************************************/


------------------------------------------------------------------------------------------------
Operation terminated successfully.
------------------------------------------------------------------------------------------------

